<?xml version="1.0" encoding="UTF-8"?>
<!-- Generated by org.testng.reporters.JUnitReportReporter -->
<testsuite hostname="WKWZT5NmEskUAGT" failures="0" tests="1" name="runner.RunCuke" time="183.970" errors="0" timestamp="2023-12-11T11:59:02 IST" skipped="0">
  <testcase classname="runner.RunCuke" name="runScenario" time="183.970"/>
  <system-out/>
</testsuite> <!-- runner.RunCuke -->
